2025-12-26 19:38:33,160 [main] ERROR com.tests.LoginPageTest - java.io.FileNotFoundException: C:\Users\prateek.salunke\eclipse-workspace\FrameWorksrc\test\resources\config.properties (The system cannot find the path specified)
2025-12-26 19:42:30,070 [main] INFO com.tests.LoginPageTest - Starting the report generation part....
2025-12-26 19:42:30,399 [main] INFO com.tests.LoginPageTest - Test -> searchtest Is Starting
2025-12-26 19:42:30,522 [main] INFO com.tests.LoginPageTest - Test - >searchtest Is Passed
2025-12-26 19:42:30,951 [main] INFO com.tests.LoginPageTest - Test is Finished
2025-12-28 13:46:06,177 [main] INFO com.tests.LoginPageTest - Starting the report generation part....
2025-12-28 13:46:06,571 [main] INFO com.tests.LoginPageTest - Test -> searchtest Is Starting
2025-12-28 13:46:06,703 [main] INFO com.tests.LoginPageTest - Test - >searchtest Is Passed
2025-12-28 13:46:07,111 [main] INFO com.tests.LoginPageTest - Test is Finished
2025-12-28 16:28:01,456 [main] INFO com.tests.HomePageTest - Starting the report generation part....
2025-12-28 16:28:01,776 [main] INFO com.tests.HomePageTest - Test -> testSearchBox Is Starting
2025-12-28 16:28:01,921 [main] INFO com.tests.HomePageTest - Test -> testSearchbtn Is Starting
2025-12-28 16:28:02,592 [main] INFO com.tests.HomePageTest - Test - >testSearchbtn Is Passed
2025-12-28 16:28:02,594 [main] INFO com.tests.HomePageTest - Test -> testAddToCart Is Starting
2025-12-28 16:28:03,020 [main] INFO com.tests.HomePageTest - Test is Finished
2025-12-28 16:29:51,381 [main] INFO com.tests.HomePageTest - Starting the report generation part....
2025-12-28 16:29:51,708 [main] INFO com.tests.HomePageTest - Test -> testSearchBox Is Starting
2025-12-28 16:29:55,857 [main] INFO com.tests.HomePageTest - Test -> testSearchbtn Is Starting
2025-12-28 16:29:56,469 [main] INFO com.tests.HomePageTest - Test - >testSearchbtn Is Passed
2025-12-28 16:30:00,474 [main] INFO com.tests.HomePageTest - Test -> testAddToCart Is Starting
2025-12-28 16:30:04,913 [main] INFO com.tests.HomePageTest - Test is Finished
2025-12-28 16:32:48,269 [main] INFO com.tests.HomePageTest - Starting the report generation part....
2025-12-28 16:32:48,619 [main] INFO com.tests.HomePageTest - Test -> testSearchBox Is Starting
2025-12-28 16:32:48,712 [main] INFO com.tests.HomePageTest - Inside get getSearchvalue method
2025-12-28 16:32:48,726 [main] INFO com.tests.HomePageTest - The Value seacrched is = 
2025-12-28 16:32:52,784 [main] INFO com.tests.HomePageTest - Test -> testSearchbtn Is Starting
2025-12-28 16:32:53,415 [main] INFO com.tests.HomePageTest - Test - >testSearchbtn Is Passed
2025-12-28 16:32:57,425 [main] INFO com.tests.HomePageTest - Test -> testAddToCart Is Starting
2025-12-28 16:33:01,810 [main] INFO com.tests.HomePageTest - Test is Finished
2025-12-28 16:35:12,179 [main] INFO com.tests.HomePageTest - Starting the report generation part....
2025-12-28 16:35:12,533 [main] INFO com.tests.HomePageTest - Test -> testSearchBox Is Starting
2025-12-28 16:35:12,633 [main] INFO com.tests.HomePageTest - Inside get getSearchvalue method
2025-12-28 16:35:12,656 [main] INFO com.tests.HomePageTest - The Value seacrched is = 
2025-12-28 16:35:16,682 [main] INFO com.tests.HomePageTest - Test -> testSearchbtn Is Starting
2025-12-28 16:35:17,309 [main] INFO com.tests.HomePageTest - Test - >testSearchbtn Is Passed
2025-12-28 16:35:21,312 [main] INFO com.tests.HomePageTest - Test -> testAddToCart Is Starting
2025-12-28 16:35:25,785 [main] INFO com.tests.HomePageTest - Test is Finished
2025-12-28 16:39:42,076 [main] INFO com.tests.HomePageTest - Starting the report generation part....
2025-12-28 16:39:42,528 [main] INFO com.tests.HomePageTest - Test -> testSearchBox Is Starting
2025-12-28 16:39:42,662 [main] INFO com.tests.HomePageTest - Inside get getSearchvalue method
2025-12-28 16:39:42,662 [main] INFO com.tests.HomePageTest - The Value seacrched is = 
2025-12-28 16:39:46,676 [main] INFO com.tests.HomePageTest - Test -> testSearchbtn Is Starting
2025-12-28 16:39:47,332 [main] INFO com.tests.HomePageTest - Test - >testSearchbtn Is Passed
2025-12-28 16:39:51,338 [main] INFO com.tests.HomePageTest - Test -> testAddToCart Is Starting
2025-12-28 16:39:55,783 [main] INFO com.tests.HomePageTest - Test is Finished
2025-12-28 16:41:08,165 [main] INFO com.tests.HomePageTest - Starting the report generation part....
2025-12-28 16:41:08,510 [main] INFO com.tests.HomePageTest - Test -> testSearchBox Is Starting
2025-12-28 16:41:08,600 [main] INFO com.tests.HomePageTest - Inside get getSearchvalue method
2025-12-28 16:41:08,643 [main] INFO com.tests.HomePageTest - The Value seacrched is = iMac
2025-12-28 16:41:12,691 [main] INFO com.tests.HomePageTest - Test -> testSearchbtn Is Starting
2025-12-28 16:41:13,312 [main] INFO com.tests.HomePageTest - Test - >testSearchbtn Is Passed
2025-12-28 16:41:17,321 [main] INFO com.tests.HomePageTest - Test -> testAddToCart Is Starting
2025-12-28 16:41:21,698 [main] INFO com.tests.HomePageTest - Test is Finished
2025-12-28 16:45:54,425 [main] INFO com.tests.HomePageTest - Starting the report generation part....
2025-12-28 16:45:54,781 [main] INFO com.tests.HomePageTest - Test -> testSearchBox Is Starting
2025-12-28 16:45:54,868 [main] INFO com.tests.HomePageTest - Inside get getSearchvalue method
2025-12-28 16:45:54,894 [main] INFO com.tests.HomePageTest - The Value seacrched is = iMac
2025-12-28 16:45:58,934 [main] INFO com.tests.HomePageTest - Test -> testSearchbtn Is Starting
2025-12-28 16:45:59,534 [main] INFO com.tests.HomePageTest - Test - >testSearchbtn Is Passed
2025-12-28 16:46:03,550 [main] INFO com.tests.HomePageTest - Test -> testAddToCart Is Starting
2025-12-28 16:46:08,014 [main] INFO com.tests.HomePageTest - Test is Finished
2025-12-28 16:48:41,855 [main] INFO com.tests.HomePageTest - Starting the report generation part....
2025-12-28 16:48:42,169 [main] INFO com.tests.HomePageTest - Test -> testSearchBox Is Starting
2025-12-28 16:48:42,274 [main] INFO com.tests.HomePageTest - Inside get getSearchvalue method
2025-12-28 16:48:42,306 [main] INFO com.tests.HomePageTest - The Value seacrched is = iMac
2025-12-28 16:48:46,346 [main] INFO com.tests.HomePageTest - Test -> testSearchbtn Is Starting
2025-12-28 16:48:46,953 [main] INFO com.tests.HomePageTest - The ProdcutsSize is = 1
2025-12-28 16:48:46,963 [main] INFO com.tests.HomePageTest - Test - >testSearchbtn Is Passed
2025-12-28 16:48:50,978 [main] INFO com.tests.HomePageTest - Test -> testAddToCart Is Starting
2025-12-28 16:48:55,513 [main] INFO com.tests.HomePageTest - Test is Finished
2025-12-28 16:50:09,419 [main] INFO com.tests.HomePageTest - Starting the report generation part....
2025-12-28 16:50:09,762 [main] INFO com.tests.HomePageTest - Test -> testSearchBox Is Starting
2025-12-28 16:50:09,860 [main] INFO com.tests.HomePageTest - Inside get getSearchvalue method
2025-12-28 16:50:09,893 [main] INFO com.tests.HomePageTest - The Value seacrched is = iMac
2025-12-28 16:50:13,925 [main] INFO com.tests.HomePageTest - Test -> testSearchbtn Is Starting
2025-12-28 16:50:14,542 [main] INFO com.tests.HomePageTest - The ProdcutsSize is = 1
2025-12-28 16:50:14,551 [main] INFO com.tests.HomePageTest - Test - >testSearchbtn Is Passed
2025-12-28 16:50:18,552 [main] INFO com.tests.HomePageTest - Test -> testAddToCart Is Starting
2025-12-28 16:50:22,969 [main] INFO com.tests.HomePageTest - Test is Finished
2025-12-28 17:00:24,242 [main] INFO com.tests.HomePageTest - Starting the report generation part....
2025-12-28 17:00:24,608 [main] INFO com.tests.HomePageTest - Test -> testSearchBox Is Starting
2025-12-28 17:00:24,714 [main] INFO com.tests.HomePageTest - Inside get getSearchvalue method
2025-12-28 17:00:24,748 [main] INFO com.tests.HomePageTest - The Value seacrched is = iMac
2025-12-28 17:00:28,789 [main] INFO com.tests.HomePageTest - Test -> testSearchbtn Is Starting
2025-12-28 17:00:29,441 [main] INFO com.tests.HomePageTest - The ProdcutsSize is = 1
2025-12-28 17:00:29,441 [main] INFO com.tests.HomePageTest - Test - >testSearchbtn Is Passed
2025-12-28 17:00:33,462 [main] INFO com.tests.HomePageTest - Test -> testAddToCart Is Starting
2025-12-28 17:00:38,194 [main] INFO com.tests.HomePageTest - Test is Finished
2025-12-28 17:01:57,891 [main] INFO com.tests.HomePageTest - Starting the report generation part....
2025-12-28 17:01:58,297 [main] INFO com.tests.HomePageTest - Test -> testSearchBox Is Starting
2025-12-28 17:01:58,411 [main] INFO com.tests.HomePageTest - Inside get getSearchvalue method
2025-12-28 17:01:58,440 [main] INFO com.tests.HomePageTest - The Value seacrched is = iMac
2025-12-28 17:02:02,480 [main] INFO com.tests.HomePageTest - Test -> testSearchbtn Is Starting
2025-12-28 17:02:03,131 [main] INFO com.tests.HomePageTest - The ProdcutsSize is = 1
2025-12-28 17:02:03,141 [main] INFO com.tests.HomePageTest - Test - >testSearchbtn Is Passed
2025-12-28 17:02:07,158 [main] INFO com.tests.HomePageTest - Test -> testAddToCart Is Starting
2025-12-28 17:02:11,655 [main] INFO com.tests.HomePageTest - Test is Finished
2025-12-28 17:04:44,208 [main] INFO com.tests.HomePageTest - Starting the report generation part....
2025-12-28 17:04:44,558 [main] INFO com.tests.HomePageTest - Test -> testSearchBox Is Starting
2025-12-28 17:04:44,682 [main] INFO com.tests.HomePageTest - Inside get getSearchvalue method
2025-12-28 17:04:44,712 [main] INFO com.tests.HomePageTest - The Value seacrched is = iMac
2025-12-28 17:04:48,760 [main] INFO com.tests.HomePageTest - Test -> testSearchbtn Is Starting
2025-12-28 17:04:49,378 [main] INFO com.tests.HomePageTest - The ProdcutsSize is = 1
2025-12-28 17:04:49,394 [main] INFO com.tests.HomePageTest - Test - >testSearchbtn Is Passed
2025-12-28 17:04:53,396 [main] INFO com.tests.HomePageTest - Test -> testAddToCart Is Starting
2025-12-28 17:04:57,873 [main] INFO com.tests.HomePageTest - Test is Finished
2025-12-28 17:05:54,904 [main] INFO com.tests.HomePageTest - Starting the report generation part....
2025-12-28 17:05:55,232 [main] INFO com.tests.HomePageTest - Test -> testSearchBox Is Starting
2025-12-28 17:05:55,342 [main] INFO com.tests.HomePageTest - Inside get getSearchvalue method
2025-12-28 17:05:55,374 [main] INFO com.tests.HomePageTest - The Value seacrched is = iMac
2025-12-28 17:05:59,420 [main] INFO com.tests.HomePageTest - Test -> testSearchbtn Is Starting
2025-12-28 17:06:00,035 [main] INFO com.tests.HomePageTest - The ProdcutsSize is = 1
2025-12-28 17:06:00,052 [main] INFO com.tests.HomePageTest - Test - >testSearchbtn Is Passed
2025-12-28 17:06:04,056 [main] INFO com.tests.HomePageTest - Test -> testAddToCart Is Starting
2025-12-28 17:06:08,560 [main] INFO com.tests.HomePageTest - Test is Finished
2025-12-28 17:08:01,416 [main] INFO com.tests.HomePageTest - Starting the report generation part....
2025-12-28 17:08:01,860 [main] INFO com.tests.HomePageTest - Test -> testSearchBox Is Starting
2025-12-28 17:08:01,973 [main] INFO com.tests.HomePageTest - Inside get getSearchvalue method
2025-12-28 17:08:02,027 [main] INFO com.tests.HomePageTest - The Value seacrched is = iMac
2025-12-28 17:08:06,088 [main] INFO com.tests.HomePageTest - Test -> testSearchbtn Is Starting
2025-12-28 17:08:06,765 [main] INFO com.tests.HomePageTest - The ProdcutsSize is = 1
2025-12-28 17:08:06,775 [main] INFO com.tests.HomePageTest - Test - >testSearchbtn Is Passed
2025-12-28 17:08:10,783 [main] INFO com.tests.HomePageTest - Test -> testAddToCart Is Starting
2025-12-28 17:08:15,854 [main] INFO com.tests.HomePageTest - Test is Finished
2025-12-28 17:09:07,328 [main] INFO com.tests.HomePageTest - Starting the report generation part....
2025-12-28 17:09:07,807 [main] INFO com.tests.HomePageTest - Test -> testSearchBox Is Starting
2025-12-28 17:09:07,924 [main] INFO com.tests.HomePageTest - Inside get getSearchvalue method
2025-12-28 17:09:07,985 [main] INFO com.tests.HomePageTest - The Value seacrched is = iMac
2025-12-28 17:09:12,034 [main] INFO com.tests.HomePageTest - Test -> testSearchbtn Is Starting
2025-12-28 17:09:12,785 [main] INFO com.tests.HomePageTest - The ProdcutsSize is = 1
2025-12-28 17:09:12,803 [main] INFO com.tests.HomePageTest - Test - >testSearchbtn Is Passed
2025-12-28 17:09:16,816 [main] INFO com.tests.HomePageTest - Test -> testAddToCart Is Starting
2025-12-28 17:09:22,198 [main] INFO com.tests.HomePageTest - Test is Finished
2025-12-28 17:10:43,312 [main] INFO com.tests.HomePageTest - Starting the report generation part....
2025-12-28 17:10:43,661 [main] INFO com.tests.HomePageTest - Test -> testSearchBox Is Starting
2025-12-28 17:10:43,773 [main] INFO com.tests.HomePageTest - Inside get getSearchvalue method
2025-12-28 17:10:43,803 [main] INFO com.tests.HomePageTest - The Value seacrched is = iMac
2025-12-28 17:10:47,841 [main] INFO com.tests.HomePageTest - Test -> testSearchbtn Is Starting
2025-12-28 17:10:48,471 [main] INFO com.tests.HomePageTest - The ProdcutsSize is = 1
2025-12-28 17:10:48,484 [main] INFO com.tests.HomePageTest - Test - >testSearchbtn Is Passed
2025-12-28 17:10:52,499 [main] INFO com.tests.HomePageTest - Test -> testAddToCart Is Starting
2025-12-28 17:10:52,949 [main] INFO com.tests.HomePageTest - The cart value text is = 0 item(s) - $0.00
2025-12-28 17:10:57,423 [main] INFO com.tests.HomePageTest - Test is Finished
2025-12-28 17:12:04,584 [main] INFO com.tests.HomePageTest - Starting the report generation part....
2025-12-28 17:12:04,926 [main] INFO com.tests.HomePageTest - Test -> testSearchBox Is Starting
2025-12-28 17:12:05,017 [main] INFO com.tests.HomePageTest - Inside get getSearchvalue method
2025-12-28 17:12:05,050 [main] INFO com.tests.HomePageTest - The Value seacrched is = iMac
2025-12-28 17:12:09,088 [main] INFO com.tests.HomePageTest - Test -> testSearchbtn Is Starting
2025-12-28 17:12:09,725 [main] INFO com.tests.HomePageTest - The ProdcutsSize is = 1
2025-12-28 17:12:09,737 [main] INFO com.tests.HomePageTest - Test - >testSearchbtn Is Passed
2025-12-28 17:12:13,742 [main] INFO com.tests.HomePageTest - Test -> testAddToCart Is Starting
2025-12-28 17:12:14,215 [main] INFO com.tests.HomePageTest - The cart value text is = 0 item(s) - $0.00
2025-12-28 17:12:18,680 [main] INFO com.tests.HomePageTest - Test is Finished
2025-12-28 17:14:00,447 [main] INFO com.tests.HomePageTest - Starting the report generation part....
2025-12-28 17:14:00,802 [main] INFO com.tests.HomePageTest - Test -> testSearchBox Is Starting
2025-12-28 17:14:00,895 [main] INFO com.tests.HomePageTest - Inside get getSearchvalue method
2025-12-28 17:14:00,927 [main] INFO com.tests.HomePageTest - The Value seacrched is = iMac
2025-12-28 17:14:04,975 [main] INFO com.tests.HomePageTest - Test -> testSearchbtn Is Starting
2025-12-28 17:14:05,588 [main] INFO com.tests.HomePageTest - The ProdcutsSize is = 1
2025-12-28 17:14:05,597 [main] INFO com.tests.HomePageTest - Test - >testSearchbtn Is Passed
2025-12-28 17:14:09,606 [main] INFO com.tests.HomePageTest - Test -> testAddToCart Is Starting
2025-12-28 17:14:10,081 [main] INFO com.tests.HomePageTest - The cart value text is = 0 item(s) - $0.00
2025-12-28 17:14:14,471 [main] INFO com.tests.HomePageTest - Test is Finished
2025-12-28 17:15:41,241 [main] INFO com.tests.HomePageTest - Starting the report generation part....
2025-12-28 17:15:41,621 [main] INFO com.tests.HomePageTest - Test -> testSearchBox Is Starting
2025-12-28 17:15:41,723 [main] INFO com.tests.HomePageTest - Inside get getSearchvalue method
2025-12-28 17:15:41,754 [main] INFO com.tests.HomePageTest - The Value seacrched is = iMac
2025-12-28 17:15:45,811 [main] INFO com.tests.HomePageTest - Test -> testSearchbtn Is Starting
2025-12-28 17:15:46,429 [main] INFO com.tests.HomePageTest - The ProdcutsSize is = 1
2025-12-28 17:15:46,440 [main] INFO com.tests.HomePageTest - Test - >testSearchbtn Is Passed
2025-12-28 17:15:50,455 [main] INFO com.tests.HomePageTest - Test -> testAddToCart Is Starting
2025-12-28 17:15:53,630 [main] INFO com.tests.HomePageTest - The cart value text is = 1 item(s) - $122.00
2025-12-28 17:15:53,643 [main] INFO com.tests.HomePageTest - Test - >testAddToCart Is Passed
2025-12-28 17:15:58,019 [main] INFO com.tests.HomePageTest - Test is Finished
2025-12-28 17:16:47,321 [main] INFO com.tests.HomePageTest - Starting the report generation part....
2025-12-28 17:16:47,706 [main] INFO com.tests.HomePageTest - Test -> testSearchBox Is Starting
2025-12-28 17:16:47,819 [main] INFO com.tests.HomePageTest - Inside get getSearchvalue method
2025-12-28 17:16:47,848 [main] INFO com.tests.HomePageTest - The Value seacrched is = iMac
2025-12-28 17:16:51,886 [main] INFO com.tests.HomePageTest - Test -> testSearchbtn Is Starting
2025-12-28 17:16:52,545 [main] INFO com.tests.HomePageTest - The ProdcutsSize is = 1
2025-12-28 17:16:52,554 [main] INFO com.tests.HomePageTest - Test - >testSearchbtn Is Passed
2025-12-28 17:16:56,568 [main] INFO com.tests.HomePageTest - Test -> testAddToCart Is Starting
2025-12-28 17:16:59,769 [main] INFO com.tests.HomePageTest - The cart value text is = 1 item(s) - $122.00
2025-12-28 17:16:59,791 [main] INFO com.tests.HomePageTest - Test - >testAddToCart Is Passed
2025-12-28 17:17:04,169 [main] INFO com.tests.HomePageTest - Test is Finished
2025-12-28 17:34:30,174 [main] INFO com.tests.HomePageTest - Starting the report generation part....
2025-12-28 17:34:30,557 [main] INFO com.tests.HomePageTest - Test -> testSearchBox Is Starting
2025-12-28 17:34:30,642 [main] INFO com.tests.HomePageTest - Inside get getSearchvalue method
2025-12-28 17:34:30,673 [main] INFO com.tests.HomePageTest - The Value seacrched is = iMac
2025-12-28 17:34:34,737 [main] INFO com.tests.HomePageTest - Test -> testSearchbtn Is Starting
2025-12-28 17:34:35,353 [main] INFO com.tests.HomePageTest - The ProdcutsSize is = 1
2025-12-28 17:34:35,371 [main] INFO com.tests.HomePageTest - Test - >testSearchbtn Is Passed
2025-12-28 17:34:39,378 [main] INFO com.tests.HomePageTest - Test -> testAddToCart Is Starting
2025-12-28 17:34:42,589 [main] INFO com.tests.HomePageTest - The cart value text is = 1 item(s) - $122.00
2025-12-28 17:34:42,620 [main] INFO com.tests.HomePageTest - Test - >testAddToCart Is Passed
2025-12-28 17:34:46,638 [main] INFO com.tests.HomePageTest - Test -> testShoppingCartBtn Is Starting
2025-12-28 17:34:46,638 [main] INFO com.tests.HomePageTest - Clicking the shopping cart btn
2025-12-28 17:34:47,357 [main] INFO com.tests.HomePageTest - The page title is = Shopping Cart
2025-12-28 17:34:47,371 [main] INFO com.tests.HomePageTest - Test -> testCheckoutBtn Is Starting
2025-12-28 17:34:47,371 [main] INFO com.tests.HomePageTest - Clicking checkout btn
2025-12-28 17:34:48,454 [main] INFO com.tests.HomePageTest - Test is Finished
2025-12-28 17:36:09,988 [main] INFO com.tests.HomePageTest - Starting the report generation part....
2025-12-28 17:36:10,382 [main] INFO com.tests.HomePageTest - Test -> testSearchBox Is Starting
2025-12-28 17:36:10,482 [main] INFO com.tests.HomePageTest - Inside get getSearchvalue method
2025-12-28 17:36:10,517 [main] INFO com.tests.HomePageTest - The Value seacrched is = iMac
2025-12-28 17:36:14,566 [main] INFO com.tests.HomePageTest - Test -> testSearchbtn Is Starting
2025-12-28 17:36:15,173 [main] INFO com.tests.HomePageTest - The ProdcutsSize is = 1
2025-12-28 17:36:15,177 [main] INFO com.tests.HomePageTest - Test - >testSearchbtn Is Passed
2025-12-28 17:36:19,192 [main] INFO com.tests.HomePageTest - Test -> testAddToCart Is Starting
2025-12-28 17:36:22,381 [main] INFO com.tests.HomePageTest - The cart value text is = 1 item(s) - $122.00
2025-12-28 17:36:22,413 [main] INFO com.tests.HomePageTest - Test - >testAddToCart Is Passed
2025-12-28 17:36:32,452 [main] INFO com.tests.HomePageTest - Test -> testShoppingCartBtn Is Starting
2025-12-28 17:36:32,452 [main] INFO com.tests.HomePageTest - Clicking the shopping cart btn
2025-12-28 17:36:34,161 [main] INFO com.tests.HomePageTest - The page title is = Shopping Cart
2025-12-28 17:36:37,199 [main] INFO com.tests.HomePageTest - Test -> testCheckoutBtn Is Starting
2025-12-28 17:36:37,199 [main] INFO com.tests.HomePageTest - Clicking checkout btn
2025-12-28 17:36:38,309 [main] INFO com.tests.HomePageTest - Test is Finished
2025-12-28 17:40:47,558 [main] INFO com.tests.HomePageTest - Starting the report generation part....
2025-12-28 17:40:47,906 [main] INFO com.tests.HomePageTest - Test -> testSearchBox Is Starting
2025-12-28 17:40:48,017 [main] INFO com.tests.HomePageTest - Inside get getSearchvalue method
2025-12-28 17:40:48,044 [main] INFO com.tests.HomePageTest - The Value seacrched is = iMac
2025-12-28 17:40:52,089 [main] INFO com.tests.HomePageTest - Test -> testSearchbtn Is Starting
2025-12-28 17:40:52,708 [main] INFO com.tests.HomePageTest - The ProdcutsSize is = 1
2025-12-28 17:40:52,728 [main] INFO com.tests.HomePageTest - Test - >testSearchbtn Is Passed
2025-12-28 17:40:56,744 [main] INFO com.tests.HomePageTest - Test -> testAddToCart Is Starting
2025-12-28 17:40:59,949 [main] INFO com.tests.HomePageTest - The cart value text is = 1 item(s) - $122.00
2025-12-28 17:40:59,981 [main] INFO com.tests.HomePageTest - Test - >testAddToCart Is Passed
2025-12-28 17:41:10,026 [main] INFO com.tests.HomePageTest - Test -> testShoppingCartBtn Is Starting
2025-12-28 17:41:10,026 [main] INFO com.tests.HomePageTest - Clicking the shopping cart btn
2025-12-28 17:41:10,473 [main] INFO com.tests.HomePageTest - The page title is = Shopping Cart
2025-12-28 17:41:10,484 [main] INFO com.tests.HomePageTest - Test - >testShoppingCartBtn Is Passed
2025-12-28 17:41:13,501 [main] INFO com.tests.HomePageTest - Test -> testCheckoutBtn Is Starting
2025-12-28 17:41:13,501 [main] INFO com.tests.HomePageTest - Clicking checkout btn
2025-12-28 17:41:14,641 [main] INFO com.tests.HomePageTest - Test is Finished
2025-12-28 17:45:19,308 [TestNG-tests-2] INFO com.tests.HomePageTest - Test -> testSearchBox Is Starting
2025-12-28 17:45:19,308 [TestNG-tests-1] INFO com.tests.HomePageTest - Test -> testSearchBox Is Starting
2025-12-28 17:45:19,766 [TestNG-tests-2] INFO com.tests.HomePageTest - Inside get getSearchvalue method
2025-12-28 17:45:19,969 [TestNG-tests-1] INFO com.tests.HomePageTest - Inside get getSearchvalue method
2025-12-28 17:45:20,110 [TestNG-tests-2] INFO com.tests.HomePageTest - The Value seacrched is = iMaciMac
2025-12-28 17:45:20,150 [TestNG-tests-1] INFO com.tests.HomePageTest - The Value seacrched is = iMaciMac
2025-12-28 17:45:27,977 [TestNG-tests-3] INFO com.tests.HomePageTest - Test -> testSearchBox Is Starting
2025-12-28 17:45:28,255 [TestNG-tests-3] INFO com.tests.HomePageTest - Inside get getSearchvalue method
2025-12-28 17:45:28,406 [TestNG-tests-3] INFO com.tests.HomePageTest - The Value seacrched is = iMac
2025-12-28 17:45:30,288 [TestNG-tests-2] INFO com.tests.HomePageTest - Test -> testShoppingCartBtn Is Starting
2025-12-28 17:45:30,294 [TestNG-tests-2] INFO com.tests.HomePageTest - Clicking the shopping cart btn
2025-12-28 17:45:30,288 [TestNG-tests-1] INFO com.tests.HomePageTest - Test -> testShoppingCartBtn Is Starting
2025-12-28 17:45:30,300 [TestNG-tests-1] INFO com.tests.HomePageTest - Clicking the shopping cart btn
2025-12-28 17:45:31,087 [TestNG-tests-2] INFO com.tests.HomePageTest - The page title is = Your Store
2025-12-28 17:45:34,127 [TestNG-tests-2] INFO com.tests.HomePageTest - Test -> testCheckoutBtn Is Starting
2025-12-28 17:45:34,127 [TestNG-tests-2] INFO com.tests.HomePageTest - Clicking checkout btn
2025-12-28 17:45:34,143 [TestNG-tests-1] INFO com.tests.HomePageTest - Test -> testCheckoutBtn Is Starting
2025-12-28 17:45:34,143 [TestNG-tests-1] INFO com.tests.HomePageTest - Clicking checkout btn
2025-12-28 17:45:38,520 [TestNG-tests-3] INFO com.tests.HomePageTest - Test -> testShoppingCartBtn Is Starting
2025-12-28 17:45:38,520 [TestNG-tests-3] INFO com.tests.HomePageTest - Clicking the shopping cart btn
2025-12-28 17:45:38,906 [TestNG-tests-3] INFO com.tests.HomePageTest - The page title is = Shopping Cart
2025-12-28 17:45:41,921 [TestNG-tests-3] INFO com.tests.HomePageTest - Test -> testCheckoutBtn Is Starting
2025-12-28 17:45:41,921 [TestNG-tests-3] INFO com.tests.HomePageTest - Clicking checkout btn
2025-12-28 17:45:44,161 [TestNG-tests-2] INFO com.tests.HomePageTest - Test -> testSearchbtn Is Starting
2025-12-28 17:45:51,939 [TestNG-tests-3] INFO com.tests.HomePageTest - Test -> testSearchbtn Is Starting
2025-12-28 17:45:54,218 [TestNG-tests-1] INFO com.tests.HomePageTest - Test -> testSearchbtn Is Starting
2025-12-28 17:45:58,672 [TestNG-tests-1] INFO com.tests.HomePageTest - Test -> testAddToCart Is Starting
2025-12-28 17:46:12,335 [TestNG-tests-3] INFO com.tests.HomePageTest - The ProdcutsSize is = 0
2025-12-28 17:46:12,335 [TestNG-tests-3] INFO com.tests.HomePageTest - Test -> testAddToCart Is Starting
2025-12-28 17:46:24,787 [TestNG-tests-2] INFO com.tests.HomePageTest - The ProdcutsSize is = 0
2025-12-28 17:46:24,802 [TestNG-tests-2] INFO com.tests.HomePageTest - Test -> testAddToCart Is Starting
2025-12-28 17:46:25,400 [TestNG-tests-3] INFO com.tests.HomePageTest - The cart value text is = 0 item(s) - $0.00
2025-12-28 17:46:34,854 [TestNG-tests-1] INFO com.tests.HomePageTest - The cart value text is = 0 item(s) - $0.00
2025-12-28 17:46:37,874 [TestNG-tests-2] INFO com.tests.HomePageTest - The cart value text is = 0 item(s) - $0.00
2025-12-28 19:02:31,287 [main] INFO com.base.Base - Test -> testSearchBox Is Starting
2025-12-28 19:02:31,395 [main] INFO com.base.Base - Inside get getSearchvalue method
2025-12-28 19:02:31,428 [main] INFO com.base.Base - The Value seacrched is = iMac
2025-12-28 19:02:35,479 [main] INFO com.base.Base - Test -> testSearchbtn Is Starting
2025-12-28 19:02:36,103 [main] INFO com.base.Base - The ProdcutsSize is = 1
2025-12-28 19:02:36,108 [main] INFO com.base.Base - Test -> testAddToCart Is Starting
2025-12-28 19:02:46,174 [main] INFO com.base.Base - Test -> testShoppingCartBtn Is Starting
2025-12-28 19:02:46,176 [main] INFO com.base.Base - Clicking the shopping cart btn
2025-12-28 19:02:49,186 [main] INFO com.base.Base - Test -> testCheckoutBtn Is Starting
2025-12-28 19:02:49,187 [main] INFO com.base.Base - Clicking checkout btn
2025-12-28 19:03:38,203 [main] INFO com.tests.HomePageTest - Test -> testSearchBox Is Starting
2025-12-28 19:03:38,312 [main] INFO com.tests.HomePageTest - Inside get getSearchvalue method
2025-12-28 19:03:38,345 [main] INFO com.tests.HomePageTest - The Value seacrched is = iMac
2025-12-28 19:03:42,386 [main] INFO com.tests.HomePageTest - Test -> testSearchbtn Is Starting
2025-12-28 19:03:43,010 [main] INFO com.tests.HomePageTest - The ProdcutsSize is = 1
2025-12-28 19:03:43,010 [main] INFO com.tests.HomePageTest - Test -> testAddToCart Is Starting
2025-12-28 19:03:53,089 [main] INFO com.tests.HomePageTest - Test -> testShoppingCartBtn Is Starting
2025-12-28 19:03:53,089 [main] INFO com.tests.HomePageTest - Clicking the shopping cart btn
2025-12-28 19:03:56,105 [main] INFO com.tests.HomePageTest - Test -> testCheckoutBtn Is Starting
2025-12-28 19:03:56,107 [main] INFO com.tests.HomePageTest - Clicking checkout btn
2025-12-28 19:08:09,572 [main] INFO com.tests.HomePageTest - Test -> testSearchBox Is Starting
2025-12-28 19:08:09,702 [main] INFO com.tests.HomePageTest - Inside get getSearchvalue method
2025-12-28 19:08:09,745 [main] INFO com.tests.HomePageTest - The Value seacrched is = iMac
2025-12-28 19:08:13,786 [main] INFO com.tests.HomePageTest - Test -> testSearchbtn Is Starting
2025-12-28 19:08:14,427 [main] INFO com.tests.HomePageTest - The ProdcutsSize is = 1
2025-12-28 19:08:14,431 [main] INFO com.tests.HomePageTest - Test -> testAddToCart Is Starting
2025-12-28 19:08:24,492 [main] INFO com.tests.HomePageTest - Test -> testShoppingCartBtn Is Starting
2025-12-28 19:08:24,493 [main] INFO com.tests.HomePageTest - Clicking the shopping cart btn
2025-12-28 19:08:27,499 [main] INFO com.tests.HomePageTest - Test -> testCheckoutBtn Is Starting
2025-12-28 19:08:27,499 [main] INFO com.tests.HomePageTest - Clicking checkout btn
2025-12-28 19:08:28,060 [main] INFO com.tests.HomePageTest - Chrome Test is Finished
2025-12-28 19:08:28,062 [main] INFO com.tests.HomePageTest - Starting the report generation part....
2025-12-28 19:08:34,177 [main] INFO com.tests.HomePageTest - Test -> testSearchBox Is Starting
2025-12-28 19:08:34,424 [main] INFO com.tests.HomePageTest - Inside get getSearchvalue method
2025-12-28 19:08:34,452 [main] INFO com.tests.HomePageTest - The Value seacrched is = iMac
2025-12-28 19:08:38,500 [main] INFO com.tests.HomePageTest - Test -> testSearchbtn Is Starting
2025-12-28 19:08:39,294 [main] INFO com.tests.HomePageTest - The ProdcutsSize is = 1
2025-12-28 19:08:39,300 [main] INFO com.tests.HomePageTest - Test -> testAddToCart Is Starting
2025-12-28 19:08:49,433 [main] INFO com.tests.HomePageTest - Test -> testShoppingCartBtn Is Starting
2025-12-28 19:08:49,435 [main] INFO com.tests.HomePageTest - Clicking the shopping cart btn
2025-12-28 19:08:52,449 [main] INFO com.tests.HomePageTest - Test -> testCheckoutBtn Is Starting
2025-12-28 19:08:52,449 [main] INFO com.tests.HomePageTest - Clicking checkout btn
2025-12-28 19:08:52,991 [main] INFO com.tests.HomePageTest - Edge Test is Finished
2025-12-28 19:08:52,992 [main] INFO com.tests.HomePageTest - Starting the report generation part....
2025-12-28 19:09:01,687 [main] INFO com.tests.HomePageTest - Test -> testSearchBox Is Starting
2025-12-28 19:09:01,771 [main] INFO com.tests.HomePageTest - Inside get getSearchvalue method
2025-12-28 19:09:01,801 [main] INFO com.tests.HomePageTest - The Value seacrched is = iMac
2025-12-28 19:09:05,846 [main] INFO com.tests.HomePageTest - Test -> testSearchbtn Is Starting
2025-12-28 19:09:06,419 [main] INFO com.tests.HomePageTest - The ProdcutsSize is = 1
2025-12-28 19:09:06,423 [main] INFO com.tests.HomePageTest - Test -> testAddToCart Is Starting
2025-12-28 19:09:16,475 [main] INFO com.tests.HomePageTest - Test -> testShoppingCartBtn Is Starting
2025-12-28 19:09:16,476 [main] INFO com.tests.HomePageTest - Clicking the shopping cart btn
2025-12-28 19:09:19,486 [main] INFO com.tests.HomePageTest - Test -> testCheckoutBtn Is Starting
2025-12-28 19:09:19,487 [main] INFO com.tests.HomePageTest - Clicking checkout btn
2025-12-28 19:09:21,478 [main] INFO com.tests.HomePageTest - FireFox Test is Finished
2025-12-28 19:10:59,001 [main] INFO com.tests.HomePageTest - Test -> testSearchBox Is Starting
2025-12-28 19:10:59,123 [main] INFO com.tests.HomePageTest - Inside get getSearchvalue method
2025-12-28 19:10:59,165 [main] INFO com.tests.HomePageTest - The Value seacrched is = iMac
2025-12-28 19:11:03,206 [main] INFO com.tests.HomePageTest - Test -> testSearchbtn Is Starting
2025-12-28 19:11:03,846 [main] INFO com.tests.HomePageTest - The ProdcutsSize is = 1
2025-12-28 19:11:03,851 [main] INFO com.tests.HomePageTest - Test -> testAddToCart Is Starting
2025-12-28 19:11:13,935 [main] INFO com.tests.HomePageTest - Test -> testShoppingCartBtn Is Starting
2025-12-28 19:11:13,937 [main] INFO com.tests.HomePageTest - Clicking the shopping cart btn
2025-12-28 19:11:16,954 [main] INFO com.tests.HomePageTest - Test -> testCheckoutBtn Is Starting
2025-12-28 19:11:16,954 [main] INFO com.tests.HomePageTest - Clicking checkout btn
2025-12-28 19:11:17,444 [main] INFO com.tests.HomePageTest - Chrome Test is Finished
2025-12-28 19:12:39,903 [main] INFO com.tests.HomePageTest - Test -> testSearchBox Is Starting
2025-12-28 19:12:40,024 [main] INFO com.tests.HomePageTest - Inside get getSearchvalue method
2025-12-28 19:12:40,052 [main] INFO com.tests.HomePageTest - The Value seacrched is = iMac
2025-12-28 19:12:44,098 [main] INFO com.tests.HomePageTest - Test -> testSearchbtn Is Starting
2025-12-28 19:12:44,765 [main] INFO com.tests.HomePageTest - The ProdcutsSize is = 1
2025-12-28 19:12:44,765 [main] INFO com.tests.HomePageTest - Test -> testAddToCart Is Starting
2025-12-28 19:12:54,834 [main] INFO com.tests.HomePageTest - Test -> testShoppingCartBtn Is Starting
2025-12-28 19:12:54,838 [main] INFO com.tests.HomePageTest - Clicking the shopping cart btn
2025-12-28 19:12:57,860 [main] INFO com.tests.HomePageTest - Test -> testCheckoutBtn Is Starting
2025-12-28 19:12:57,860 [main] INFO com.tests.HomePageTest - Clicking checkout btn
2025-12-28 19:12:58,353 [main] INFO com.tests.HomePageTest - Chrome Test is Finished
2025-12-28 19:13:32,278 [main] INFO com.tests.HomePageTest - Test -> testSearchBox Is Starting
2025-12-28 19:13:32,412 [main] INFO com.tests.HomePageTest - Inside get getSearchvalue method
2025-12-28 19:13:32,446 [main] INFO com.tests.HomePageTest - The Value seacrched is = iMac
2025-12-28 19:13:36,479 [main] INFO com.tests.HomePageTest - Test -> testSearchbtn Is Starting
2025-12-28 19:13:37,046 [main] INFO com.tests.HomePageTest - The ProdcutsSize is = 1
2025-12-28 19:13:37,050 [main] INFO com.tests.HomePageTest - Test -> testAddToCart Is Starting
2025-12-28 19:13:47,105 [main] INFO com.tests.HomePageTest - Test -> testShoppingCartBtn Is Starting
2025-12-28 19:13:47,107 [main] INFO com.tests.HomePageTest - Clicking the shopping cart btn
2025-12-28 19:13:47,476 [main] INFO com.tests.HomePageTest - The page title is = Shopping Cart
2025-12-28 19:13:50,496 [main] INFO com.tests.HomePageTest - Test -> testCheckoutBtn Is Starting
2025-12-28 19:13:50,500 [main] INFO com.tests.HomePageTest - Clicking checkout btn
2025-12-28 19:14:01,027 [main] INFO com.tests.HomePageTest - Chrome Test is Finished
2025-12-28 19:15:03,320 [main] INFO com.tests.HomePageTest - Test -> testSearchBox Is Starting
2025-12-28 19:15:03,429 [main] INFO com.tests.HomePageTest - Inside get getSearchvalue method
2025-12-28 19:15:03,477 [main] INFO com.tests.HomePageTest - The Value seacrched is = iMac
2025-12-28 19:15:07,515 [main] INFO com.tests.HomePageTest - Test -> testSearchbtn Is Starting
2025-12-28 19:15:08,121 [main] INFO com.tests.HomePageTest - The ProdcutsSize is = 1
2025-12-28 19:15:08,133 [main] INFO com.tests.HomePageTest - Test -> testAddToCart Is Starting
2025-12-28 19:15:11,333 [main] INFO com.tests.HomePageTest - The cart value text is = 1 item(s) - $122.00
2025-12-28 19:15:17,391 [main] INFO com.tests.HomePageTest - Test -> testShoppingCartBtn Is Starting
2025-12-28 19:15:17,391 [main] INFO com.tests.HomePageTest - Clicking the shopping cart btn
2025-12-28 19:15:17,873 [main] INFO com.tests.HomePageTest - The page title is = Shopping Cart
2025-12-28 19:15:20,911 [main] INFO com.tests.HomePageTest - Test -> testCheckoutBtn Is Starting
2025-12-28 19:15:20,911 [main] INFO com.tests.HomePageTest - Clicking checkout btn
2025-12-28 19:15:22,186 [main] INFO com.tests.HomePageTest - Chrome Test is Finished
2025-12-28 19:22:49,125 [main] INFO com.tests.HomePageTest - Starting the report generation part....
2025-12-28 19:22:49,276 [main] INFO com.tests.HomePageTest - Test -> testSearchBox Is Starting
2025-12-28 19:22:49,623 [main] INFO com.tests.HomePageTest - Inside get getSearchvalue method
2025-12-28 19:22:49,962 [main] INFO com.tests.HomePageTest - The Value seacrched is = iMac
2025-12-28 19:22:54,134 [main] INFO com.tests.HomePageTest - Test -> testSearchbtn Is Starting
2025-12-28 19:22:55,219 [main] INFO com.tests.HomePageTest - The ProdcutsSize is = 1
2025-12-28 19:22:55,232 [main] INFO com.tests.HomePageTest - Test -> testAddToCart Is Starting
2025-12-28 19:23:05,365 [main] INFO com.tests.HomePageTest - Test -> testShoppingCartBtn Is Starting
2025-12-28 19:23:05,365 [main] INFO com.tests.HomePageTest - Clicking the shopping cart btn
2025-12-28 19:23:05,825 [main] INFO com.tests.HomePageTest - The page title is = Shopping Cart
2025-12-28 19:23:08,845 [main] INFO com.tests.HomePageTest - Test -> testCheckoutBtn Is Starting
2025-12-28 19:23:08,847 [main] INFO com.tests.HomePageTest - Clicking checkout btn
